2019-12-17 17:55:06,683 job id: TRD14 updated with job_status:2 
2019-12-17 17:55:44,930 job id: TRD14 updated with job_status:3 
2019-12-17 17:57:11,043 /home/nithin/projects/Contido_Transcode/transcode/models.py changed, reloading.
2019-12-17 17:57:29,828 job id: TRD14 updated with job_status:3 
2019-12-17 17:58:02,882 job id: TRD19 updated with job_status:0 
2019-12-17 17:59:38,609 job id: TRD18 updated with job_status:1 
2019-12-17 18:00:21,736 /home/nithin/projects/Contido_Transcode/transcode/models.py changed, reloading.
2019-12-17 18:14:35,114 /home/nithin/projects/Contido_Transcode/transcode/models.py changed, reloading.
2019-12-17 18:15:46,089 /home/nithin/projects/Contido_Transcode/transcode/models.py changed, reloading.
2019-12-17 18:16:36,732 /home/nithin/projects/Contido_Transcode/transcode/models.py changed, reloading.
2019-12-17 18:26:41,007 /home/nithin/projects/Contido_Transcode/transcode/models.py changed, reloading.
2019-12-17 18:27:04,034 /home/nithin/projects/Contido_Transcode/transcode/models.py changed, reloading.
2019-12-17 18:27:07,378 /home/nithin/projects/Contido_Transcode/transcode/models.py changed, reloading.
2019-12-17 18:27:12,786 /home/nithin/projects/Contido_Transcode/transcode/models.py changed, reloading.
2019-12-17 18:27:18,136 /home/nithin/projects/Contido_Transcode/transcode/views.py changed, reloading.
2019-12-17 18:31:48,452 /home/nithin/projects/Contido_Transcode/transcode/models.py changed, reloading.
2019-12-17 18:32:00,580 /home/nithin/projects/Contido_Transcode/transcode/models.py changed, reloading.
2019-12-17 18:32:05,884 /home/nithin/projects/Contido_Transcode/transcode/models.py changed, reloading.
2019-12-17 18:32:17,626 /home/nithin/projects/Contido_Transcode/transcode/models.py changed, reloading.
2019-12-17 18:32:27,339 /home/nithin/projects/Contido_Transcode/transcode/models.py changed, reloading.
2019-12-17 18:37:23,736 /home/nithin/projects/Contido_Transcode/transcode/models.py changed, reloading.
2019-12-17 18:39:21,022 /home/nithin/projects/Contido_Transcode/transcode/models.py changed, reloading.
2019-12-17 18:39:26,462 /home/nithin/projects/Contido_Transcode/transcode/models.py changed, reloading.
2019-12-17 18:41:10,819 /home/nithin/projects/Contido_Transcode/transcode/models.py changed, reloading.
2019-12-17 18:42:20,896 /home/nithin/projects/Contido_Transcode/transcode/models.py changed, reloading.
2019-12-17 18:42:30,356 /home/nithin/projects/Contido_Transcode/transcode/models.py changed, reloading.
2019-12-17 18:43:42,626 /home/nithin/projects/Contido_Transcode/transcode/models.py changed, reloading.
2019-12-17 18:43:56,395 /home/nithin/projects/Contido_Transcode/transcode/models.py changed, reloading.
2019-12-17 18:45:51,569 /home/nithin/projects/Contido_Transcode/transcode/models.py changed, reloading.
2019-12-17 18:48:52,256 /home/nithin/projects/Contido_Transcode/transcode/views.py changed, reloading.
2019-12-17 18:49:07,285 /home/nithin/projects/Contido_Transcode/transcode/views.py changed, reloading.
2019-12-17 18:49:11,345 /home/nithin/projects/Contido_Transcode/transcode/models.py changed, reloading.
2019-12-17 18:49:44,727 /home/nithin/projects/Contido_Transcode/transcode/models.py changed, reloading.
2019-12-17 18:50:18,057 /home/nithin/projects/Contido_Transcode/transcode/urls.py changed, reloading.
2019-12-17 18:52:51,049 /home/nithin/projects/Contido_Transcode/transcode/models.py changed, reloading.
2019-12-17 18:53:06,133 /home/nithin/projects/Contido_Transcode/transcode/models.py changed, reloading.
2019-12-17 18:53:10,663 /home/nithin/projects/Contido_Transcode/transcode/models.py changed, reloading.
2019-12-17 18:54:01,258 /home/nithin/projects/Contido_Transcode/transcode/models.py changed, reloading.
2019-12-17 18:54:38,713 /home/nithin/projects/Contido_Transcode/transcode/models.py changed, reloading.
2019-12-17 18:56:07,186 /home/nithin/projects/Contido_Transcode/transcode/models.py changed, reloading.
2019-12-17 18:56:46,030 /home/nithin/projects/Contido_Transcode/transcode/models.py changed, reloading.
2019-12-17 19:01:16,044 /home/nithin/projects/Contido_Transcode/transcode/models.py changed, reloading.
2019-12-17 19:02:01,419 /home/nithin/projects/Contido_Transcode/transcode/models.py changed, reloading.
2019-12-17 19:02:56,120 /home/nithin/projects/Contido_Transcode/transcode/models.py changed, reloading.
2019-12-17 19:04:24,405 /home/nithin/projects/Contido_Transcode/transcode/models.py changed, reloading.
2019-12-17 19:05:03,298 /home/nithin/projects/Contido_Transcode/transcode/models.py changed, reloading.
2019-12-17 19:05:53,898 /home/nithin/projects/Contido_Transcode/transcode/models.py changed, reloading.
2019-12-17 19:06:05,488 /home/nithin/projects/Contido_Transcode/transcode/models.py changed, reloading.
2019-12-17 19:07:09,954 /home/nithin/projects/Contido_Transcode/transcode/models.py changed, reloading.
2019-12-17 19:08:33,755 /home/nithin/projects/Contido_Transcode/transcode/models.py changed, reloading.
2019-12-17 19:09:14,622 /home/nithin/projects/Contido_Transcode/transcode/models.py changed, reloading.
2019-12-17 19:09:22,154 /home/nithin/projects/Contido_Transcode/transcode/models.py changed, reloading.
2019-12-17 19:14:57,039 /home/nithin/projects/Contido_Transcode/transcode/models.py changed, reloading.
2019-12-17 19:16:32,687 /home/nithin/projects/Contido_Transcode/transcode/models.py changed, reloading.
2019-12-17 20:52:11,389 /home/nithin/projects/Contido_Transcode/manage.py changed, reloading.
2019-12-17 20:53:11,997 /home/nithin/projects/Contido_Transcode/Contido_Transcode/settings.py changed, reloading.
2019-12-17 20:57:15,876 /home/nithin/projects/Contido_Transcode/transcode/models.py changed, reloading.
2019-12-17 20:57:37,634 /home/nithin/projects/Contido_Transcode/transcode/models.py changed, reloading.
2019-12-17 20:59:17,397 /home/nithin/projects/Contido_Transcode/transcode/models.py changed, reloading.
2019-12-17 20:59:33,563 /home/nithin/projects/Contido_Transcode/Contido_Transcode/settings.py changed, reloading.
2019-12-17 20:59:45,502 /home/nithin/projects/Contido_Transcode/Contido_Transcode/settings.py changed, reloading.
2019-12-17 21:01:18,144 /home/nithin/projects/Contido_Transcode/Contido_Transcode/settings.py changed, reloading.
2019-12-17 21:01:43,788 /home/nithin/projects/Contido_Transcode/Contido_Transcode/settings.py changed, reloading.
2019-12-17 21:03:28,209 /home/nithin/projects/Contido_Transcode/transcode/models.py changed, reloading.
2019-12-17 21:06:07,142 /home/nithin/projects/Contido_Transcode/transcode/models.py changed, reloading.
2019-12-17 21:06:19,078 /home/nithin/projects/Contido_Transcode/Contido_Transcode/settings.py changed, reloading.
2019-12-17 21:07:22,520 /home/nithin/projects/Contido_Transcode/transcode/models.py changed, reloading.
2019-12-17 21:34:15,005 /home/nithin/projects/Contido_Transcode/transcode/models.py changed, reloading.
2019-12-17 21:40:23,730 /home/nithin/projects/Contido_Transcode/transcode/models.py changed, reloading.
2019-12-17 21:41:01,449 /home/nithin/projects/Contido_Transcode/transcode/models.py changed, reloading.
2019-12-17 21:41:08,110 /home/nithin/projects/Contido_Transcode/transcode/models.py changed, reloading.
2019-12-17 21:41:28,382 /home/nithin/projects/Contido_Transcode/transcode/models.py changed, reloading.
2019-12-17 21:41:36,814 /home/nithin/projects/Contido_Transcode/transcode/models.py changed, reloading.
2019-12-17 21:42:45,014 /home/nithin/projects/Contido_Transcode/transcode/models.py changed, reloading.
2019-12-17 21:44:02,708 /home/nithin/projects/Contido_Transcode/transcode/models.py changed, reloading.
2019-12-18 11:22:32,815 /home/nithin/projects/Contido_Transcode/transcode/models.py changed, reloading.
2019-12-18 11:25:51,134 /home/nithin/projects/Contido_Transcode/transcode/models.py changed, reloading.
2019-12-18 11:26:09,560 /home/nithin/projects/Contido_Transcode/transcode/models.py changed, reloading.
2019-12-18 11:27:48,747 /home/nithin/projects/Contido_Transcode/transcode/models.py changed, reloading.
2019-12-18 11:44:16,423 /home/nithin/projects/Contido_Transcode/transcode/models.py changed, reloading.
2019-12-18 11:44:35,749 /home/nithin/projects/Contido_Transcode/transcode/models.py changed, reloading.
2019-12-18 11:44:44,568 Not Found: /api/transcode/job/update/
2019-12-18 11:45:07,164 /home/nithin/projects/Contido_Transcode/transcode/views.py changed, reloading.
2019-12-18 11:45:19,864 /home/nithin/projects/Contido_Transcode/transcode/urls.py changed, reloading.
2019-12-18 11:45:28,235 Bad Request: /api/transcode/job/update/
2019-12-18 11:45:43,713 Bad Request: /api/transcode/job/update/
2019-12-18 11:45:58,829 /home/nithin/projects/Contido_Transcode/transcode/views.py changed, reloading.
2019-12-18 11:46:20,085 Bad Request: /api/transcode/job/update/
2019-12-18 11:47:02,819 /home/nithin/projects/Contido_Transcode/transcode/models.py changed, reloading.
2019-12-18 11:47:22,275 Bad Request: /api/transcode/job/update/
2019-12-18 11:48:32,484 Bad Request: /api/transcode/job/update/
2019-12-18 11:49:11,011 Bad Request: /api/transcode/job/update/
2019-12-18 11:49:53,175 /home/nithin/projects/Contido_Transcode/transcode/models.py changed, reloading.
2019-12-18 11:50:08,156 /home/nithin/projects/Contido_Transcode/transcode/models.py changed, reloading.
2019-12-18 11:50:12,114 Bad Request: /api/transcode/job/update/
2019-12-18 11:50:52,573 /home/nithin/projects/Contido_Transcode/transcode/models.py changed, reloading.
2019-12-18 11:51:01,296 /home/nithin/projects/Contido_Transcode/transcode/models.py changed, reloading.
2019-12-18 11:51:05,046 Bad Request: /api/transcode/job/update/
2019-12-18 11:51:41,589 /home/nithin/projects/Contido_Transcode/transcode/models.py changed, reloading.
2019-12-18 11:51:45,640 /home/nithin/projects/Contido_Transcode/transcode/models.py changed, reloading.
2019-12-18 11:52:20,083 /home/nithin/projects/Contido_Transcode/transcode/views.py changed, reloading.
2019-12-18 11:52:35,792 Bad Request: /api/transcode/job/update/
2019-12-18 11:52:52,453 /home/nithin/projects/Contido_Transcode/transcode/views.py changed, reloading.
2019-12-18 11:53:04,393 Bad Request: /api/transcode/job/update/
2019-12-18 11:53:11,059 /home/nithin/projects/Contido_Transcode/transcode/views.py changed, reloading.
2019-12-18 11:54:14,701 /home/nithin/projects/Contido_Transcode/Contido_Transcode/settings.py changed, reloading.
2019-12-18 11:54:31,259 Bad Request: /api/transcode/job/update/
2019-12-18 11:55:12,849 Bad Request: /api/transcode/job/update/
2019-12-18 11:55:18,996 Bad Request: /api/transcode/job/update/
2019-12-18 11:55:43,576 Bad Request: /api/transcode/job/update/
2019-12-18 11:56:27,433 Bad Request: /api/transcode/add/
2019-12-18 11:57:07,430 /home/nithin/projects/Contido_Transcode/transcode/models.py changed, reloading.
2019-12-18 11:57:12,268 Bad Request: /api/transcode/add/
2019-12-18 11:57:31,371 /home/nithin/projects/Contido_Transcode/transcode/models.py changed, reloading.
2019-12-18 11:58:07,139 /home/nithin/projects/Contido_Transcode/transcode/models.py changed, reloading.
2019-12-18 11:58:29,846 /home/nithin/projects/Contido_Transcode/transcode/models.py changed, reloading.
2019-12-18 12:03:59,858 /home/nithin/projects/Contido_Transcode/transcode/models.py changed, reloading.
2019-12-18 12:04:09,620 job id: TRD11 updated with job_status:3 
2019-12-18 12:04:40,931 /home/nithin/projects/Contido_Transcode/transcode/models.py changed, reloading.
2019-12-18 12:05:25,283 /home/nithin/projects/Contido_Transcode/transcode/models.py changed, reloading.
2019-12-18 12:09:47,007 /home/nithin/projects/Contido_Transcode/transcode/models.py changed, reloading.
2019-12-18 12:09:53,631 /home/nithin/projects/Contido_Transcode/transcode/models.py changed, reloading.
2019-12-18 12:11:20,860 /home/nithin/projects/Contido_Transcode/transcode/models.py changed, reloading.
2019-12-18 12:26:25,479 /home/nithin/projects/Contido_Transcode/transcode/models.py changed, reloading.
2019-12-18 12:27:46,170 /home/nithin/projects/Contido_Transcode/transcode/models.py changed, reloading.
2019-12-18 12:27:58,233 /home/nithin/projects/Contido_Transcode/transcode/models.py changed, reloading.
2019-12-18 12:28:07,956 /home/nithin/projects/Contido_Transcode/transcode/models.py changed, reloading.
2019-12-18 12:28:17,718 /home/nithin/projects/Contido_Transcode/transcode/models.py changed, reloading.
2019-12-18 12:28:27,495 /home/nithin/projects/Contido_Transcode/transcode/models.py changed, reloading.
2019-12-18 12:29:23,637 /home/nithin/projects/Contido_Transcode/transcode/models.py changed, reloading.
2019-12-18 12:30:06,496 /home/nithin/projects/Contido_Transcode/transcode/models.py changed, reloading.
2019-12-18 12:30:37,609 /home/nithin/projects/Contido_Transcode/transcode/models.py changed, reloading.
2019-12-18 12:30:43,107 /home/nithin/projects/Contido_Transcode/transcode/models.py changed, reloading.
2019-12-18 12:30:46,280 /home/nithin/projects/Contido_Transcode/transcode/models.py changed, reloading.
2019-12-18 12:30:57,068 /home/nithin/projects/Contido_Transcode/transcode/models.py changed, reloading.
2019-12-18 12:34:44,213 /home/nithin/projects/Contido_Transcode/transcode/models.py changed, reloading.
2019-12-18 12:34:50,725 /home/nithin/projects/Contido_Transcode/transcode/models.py changed, reloading.
2019-12-18 12:46:10,156 /home/nithin/projects/Contido_Transcode/transcode/models.py changed, reloading.
2019-12-18 12:47:02,013 /home/nithin/projects/Contido_Transcode/transcode/models.py changed, reloading.
2019-12-18 12:47:21,480 /home/nithin/projects/Contido_Transcode/transcode/models.py changed, reloading.
2019-12-18 12:49:02,624 /home/nithin/projects/Contido_Transcode/transcode/models.py changed, reloading.
2019-12-18 12:49:06,710 /home/nithin/projects/Contido_Transcode/transcode/models.py changed, reloading.
2019-12-18 12:50:00,559 /home/nithin/projects/Contido_Transcode/transcode/models.py changed, reloading.
2019-12-18 12:51:45,287 /home/nithin/projects/Contido_Transcode/transcode/models.py changed, reloading.
2019-12-18 12:52:29,550 /home/nithin/projects/Contido_Transcode/transcode/models.py changed, reloading.
2019-12-18 12:53:27,647 /home/nithin/projects/Contido_Transcode/transcode/models.py changed, reloading.
2019-12-18 13:44:06,106 /home/nithin/projects/Contido_Transcode/transcode/models.py changed, reloading.
2019-12-18 13:46:33,132 /home/nithin/projects/Contido_Transcode/transcode/models.py changed, reloading.
2019-12-18 13:46:53,587 /home/nithin/projects/Contido_Transcode/transcode/models.py changed, reloading.
2019-12-18 13:47:17,688 Bad Request: /api/transcode/job/update/
2019-12-18 13:47:32,312 /home/nithin/projects/Contido_Transcode/transcode/models.py changed, reloading.
2019-12-18 13:47:43,254 Bad Request: /api/transcode/job/update/
2019-12-18 13:47:50,718 /home/nithin/projects/Contido_Transcode/Contido_Transcode/settings.py changed, reloading.
2019-12-18 13:47:54,840 /home/nithin/projects/Contido_Transcode/transcode/models.py changed, reloading.
2019-12-18 13:48:07,878 /home/nithin/projects/Contido_Transcode/transcode/views.py changed, reloading.
2019-12-18 13:48:13,070 /home/nithin/projects/Contido_Transcode/transcode/views.py changed, reloading.
2019-12-18 13:48:27,964 Bad Request: /api/transcode/job/update/
2019-12-18 13:49:20,979 /home/nithin/projects/Contido_Transcode/transcode/models.py changed, reloading.
2019-12-18 13:49:39,235 /home/nithin/projects/Contido_Transcode/transcode/urls.py changed, reloading.
2019-12-18 13:49:42,435 /home/nithin/projects/Contido_Transcode/transcode/models.py changed, reloading.
2019-12-18 13:50:12,721 /home/nithin/projects/Contido_Transcode/transcode/models.py changed, reloading.
2019-12-18 13:50:17,214 /home/nithin/projects/Contido_Transcode/transcode/models.py changed, reloading.
2019-12-18 13:50:24,857 job id: TRD11 updated with job_status:2 
2019-12-18 13:51:29,237 /home/nithin/projects/Contido_Transcode/transcode/models.py changed, reloading.
2019-12-18 13:51:32,251 job id: TRD11 updated with job_status:3 
2019-12-18 13:53:39,646 job id: TRD14 updated with job_status:2 
2019-12-18 15:20:48,314 /home/nithin/projects/Contido_Transcode/transcode/models.py changed, reloading.
2019-12-18 15:29:46,722 /home/nithin/projects/Contido_Transcode/transcode/models.py changed, reloading.
2019-12-18 15:29:58,781 /home/nithin/projects/Contido_Transcode/transcode/models.py changed, reloading.
2019-12-18 15:35:04,717 /home/nithin/projects/Contido_Transcode/transcode/models.py changed, reloading.
2019-12-18 15:40:35,885 /home/nithin/projects/Contido_Transcode/transcode/models.py changed, reloading.
2019-12-18 15:41:08,253 /home/nithin/projects/Contido_Transcode/transcode/models.py changed, reloading.
2019-12-18 15:41:23,367 /home/nithin/projects/Contido_Transcode/transcode/models.py changed, reloading.
2019-12-18 15:45:33,666 /home/nithin/projects/Contido_Transcode/transcode/models.py changed, reloading.
2019-12-18 15:48:01,658 /home/nithin/projects/Contido_Transcode/transcode/models.py changed, reloading.
2019-12-18 15:48:06,203 job id: TRD11 updated with job_status:3 
2019-12-18 16:05:42,952 /home/nithin/projects/Contido_Transcode/transcode/models.py changed, reloading.
2019-12-18 16:06:06,581 /home/nithin/projects/Contido_Transcode/transcode/models.py changed, reloading.
2019-12-18 16:06:19,607 /home/nithin/projects/Contido_Transcode/transcode/models.py changed, reloading.
2019-12-18 16:06:35,719 /home/nithin/projects/Contido_Transcode/transcode/models.py changed, reloading.
2019-12-18 16:15:57,044 /home/nithin/projects/Contido_Transcode/transcode/models.py changed, reloading.
2019-12-18 16:16:25,771 job id: TRD11 updated with job_status:4 
2019-12-18 16:17:56,288 /home/nithin/projects/Contido_Transcode/transcode/models.py changed, reloading.
2019-12-18 17:23:06,726 job id: TRD11 updated with job_status:4 
2019-12-18 18:04:58,084 /home/nithin/projects/Contido_Transcode/transcode/models.py changed, reloading.
2019-12-18 18:08:18,092 /home/nithin/projects/Contido_Transcode/transcode/models.py changed, reloading.
2019-12-18 18:21:18,714 /home/nithin/projects/Contido_Transcode/transcode/models.py changed, reloading.
2019-12-18 18:21:44,732 /home/nithin/projects/Contido_Transcode/transcode/models.py changed, reloading.
2019-12-18 18:26:19,193 /home/nithin/projects/Contido_Transcode/transcode/models.py changed, reloading.
2019-12-18 18:30:01,170 /home/nithin/projects/Contido_Transcode/Contido_Transcode/settings.py changed, reloading.
2019-12-18 18:30:05,368 /home/nithin/projects/Contido_Transcode/transcode/models.py changed, reloading.
2019-12-18 18:30:08,637 /home/nithin/projects/Contido_Transcode/transcode/urls.py changed, reloading.
2019-12-18 18:30:45,304 /home/nithin/projects/Contido_Transcode/transcode/views.py changed, reloading.
2019-12-18 18:30:49,831 /home/nithin/projects/Contido_Transcode/Contido_Transcode/views.py changed, reloading.
2019-12-18 18:30:55,222 /home/nithin/projects/Contido_Transcode/transcode/helperFunctions.py changed, reloading.
2019-12-18 21:15:29,711 /home/nithin/projects/Contido_Transcode/transcode/models.py changed, reloading.
2019-12-18 21:18:21,709 /home/nithin/projects/Contido_Transcode/transcode/models.py changed, reloading.
2019-12-18 21:19:35,192 /home/nithin/projects/Contido_Transcode/transcode/models.py changed, reloading.
2019-12-19 05:23:05,520 /home/nithin/projects/Contido_Transcode/transcode/views.py changed, reloading.
2019-12-19 05:26:10,003 /home/nithin/projects/Contido_Transcode/transcode/models.py changed, reloading.
2019-12-19 11:52:34,130 /home/nithin/projects/Contido_Transcode/transcode/models.py changed, reloading.
2019-12-19 11:53:03,145 /home/nithin/projects/Contido_Transcode/transcode/models.py changed, reloading.
2019-12-19 11:56:37,751 /home/nithin/projects/Contido_Transcode/transcode/models.py changed, reloading.
2019-12-19 11:56:43,232 job id: TRD11 updated with job_status:1 
2019-12-19 12:06:27,541 /home/nithin/projects/Contido_Transcode/transcode/models.py changed, reloading.
2019-12-19 12:06:34,229 Bad Request: /api/transcode/job/update/
2019-12-19 12:07:15,986 /home/nithin/projects/Contido_Transcode/transcode/models.py changed, reloading.
2019-12-19 12:07:19,100 /home/nithin/projects/Contido_Transcode/transcode/views.py changed, reloading.
2019-12-19 12:07:58,938 /home/nithin/projects/Contido_Transcode/transcode/models.py changed, reloading.
2019-12-19 12:08:04,082 job id: TRD11 updated with job_status:2 
2019-12-19 12:10:19,572 /home/nithin/projects/Contido_Transcode/transcode/models.py changed, reloading.
2019-12-19 12:10:32,401 /home/nithin/projects/Contido_Transcode/transcode/models.py changed, reloading.
2019-12-19 12:10:45,241 /home/nithin/projects/Contido_Transcode/transcode/models.py changed, reloading.
2019-12-19 12:10:53,881 job id: TRD11 updated
2019-12-19 12:12:56,162 /home/nithin/projects/Contido_Transcode/transcode/models.py changed, reloading.
2019-12-19 12:13:10,336 job id: TRD11 updated
2019-12-19 12:13:59,609 /home/nithin/projects/Contido_Transcode/transcode/models.py changed, reloading.
2019-12-19 12:14:03,955 job id: TRD11 updated
2019-12-19 12:14:19,028 /home/nithin/projects/Contido_Transcode/transcode/models.py changed, reloading.
2019-12-19 12:18:16,962 job id: TRD11 updated
2019-12-19 16:39:04,762 /home/nithin/environments/mongoenginedemo/lib/python3.7/site-packages/bson/decimal128.py changed, reloading.
2019-12-20 11:11:18,397 /home/nithin/projects/Contido_Transcode/transcode/models.py changed, reloading.
2019-12-20 13:58:45,624 /home/nithin/projects/Contido_Transcode/transcode/helperFunctions.py changed, reloading.
2019-12-20 13:58:49,017 /home/nithin/projects/Contido_Transcode/Contido_Transcode/views.py changed, reloading.
2019-12-20 14:54:53,064 Not Found: /img_avatar2.png
2019-12-20 14:54:53,208 Not Found: /favicon.ico
2019-12-20 17:34:22,962 /home/nithin/projects/Contido_Transcode/transcode/models.py changed, reloading.
2019-12-20 17:34:54,617 /home/nithin/projects/Contido_Transcode/transcode/views.py changed, reloading.
2019-12-23 14:54:45,457 /home/nithin/projects/Contido_Transcode/transcode/views.py changed, reloading.
2019-12-23 15:50:54,217 /home/nithin/projects/Contido_Transcode/Contido_Transcode/settings.py changed, reloading.
2019-12-23 17:01:46,369 Not Found: /img_avatar2.png
2019-12-23 17:01:46,770 Not Found: /favicon.ico
2019-12-23 17:02:55,418 job id: TRD1 updated
2019-12-23 17:10:22,639 Not Found: /img_avatar2.png
2019-12-23 17:10:23,020 Not Found: /img_avatar2.png
2019-12-23 17:29:20,608 /home/nithin/projects/Contido_Transcode/transcode/models.py changed, reloading.
2019-12-23 17:32:00,423 Not Found: /img_avatar2.png
2019-12-23 17:32:00,831 Not Found: /img_avatar2.png
2019-12-23 17:33:48,086 /home/nithin/projects/Contido_Transcode/Contido_Transcode/views.py changed, reloading.
2019-12-23 17:35:27,892 /home/nithin/projects/Contido_Transcode/Contido_Transcode/views.py changed, reloading.
2019-12-23 17:35:34,076 Not Found: /img_avatar2.png
2019-12-23 17:50:31,543 Not Found: /img_avatar2.png
2019-12-23 17:50:31,700 Not Found: /img_avatar2.png
2019-12-23 18:00:48,235 /home/nithin/projects/Contido_Transcode/Contido_Transcode/models.py changed, reloading.
2019-12-23 18:03:24,049 /home/nithin/projects/Contido_Transcode/Contido_Transcode/settings.py changed, reloading.
2019-12-23 18:06:53,777 Not Found: /img_avatar2.png
2019-12-23 18:06:54,195 Not Found: /img_avatar2.png
2019-12-23 18:07:50,459 /home/nithin/projects/Contido_Transcode/Contido_Transcode/settings.py changed, reloading.
2019-12-23 18:14:22,915 Not Found: /img_avatar2.png
2019-12-23 18:14:23,062 Not Found: /favicon.ico
2019-12-23 18:15:34,024 job id: TRD2 updated
2019-12-23 18:23:55,286 /home/nithin/projects/Contido_Transcode/Contido_Transcode/settings.py changed, reloading.
2019-12-23 18:24:31,901 Not Found: /img_avatar2.png
2019-12-23 18:24:32,349 Not Found: /img_avatar2.png
2019-12-23 18:26:05,782 /home/nithin/projects/Contido_Transcode/Contido_Transcode/settings.py changed, reloading.
2019-12-23 18:31:19,352 job id: TRD3 updated
2019-12-23 18:50:24,973 /home/nithin/projects/Contido_Transcode/Contido_Transcode/settings.py changed, reloading.
2019-12-23 18:51:13,280 /home/nithin/projects/Contido_Transcode/Contido_Transcode/settings.py changed, reloading.
2019-12-23 18:51:20,208 job id: TRD4 updated
2019-12-23 18:55:00,056 Not Found: /img_avatar2.png
2019-12-23 18:56:44,296 /home/nithin/projects/Contido_Transcode/Contido_Transcode/urls.py changed, reloading.
2019-12-23 18:57:16,876 /home/nithin/projects/Contido_Transcode/Contido_Transcode/settings.py changed, reloading.
2019-12-23 18:59:07,596 /home/nithin/projects/Contido_Transcode/Contido_Transcode/settings.py changed, reloading.
2019-12-23 19:00:49,574 /home/nithin/projects/Contido_Transcode/Contido_Transcode/settings.py changed, reloading.
2019-12-23 19:02:19,427 /home/nithin/projects/Contido_Transcode/Contido_Transcode/settings.py changed, reloading.
2019-12-23 19:02:52,571 job id: TRD5 updated
2019-12-23 19:16:24,007 /home/nithin/projects/Contido_Transcode/Contido_Transcode/settings.py changed, reloading.
2019-12-23 19:18:45,614 Not Found: /img_avatar2.png
2019-12-23 19:18:45,990 Not Found: /img_avatar2.png
2019-12-23 19:19:40,767 job id: TRD1 updated
2019-12-23 19:23:15,622 /home/nithin/projects/Contido_Transcode/Contido_Transcode/settings.py changed, reloading.
2019-12-23 19:23:17,928 /home/nithin/projects/Contido_Transcode/transcode/views.py changed, reloading.
2019-12-23 19:23:22,528 /home/nithin/projects/Contido_Transcode/Contido_Transcode/settings.py changed, reloading.
2019-12-23 19:23:29,057 /home/nithin/projects/Contido_Transcode/Contido_Transcode/views.py changed, reloading.
2019-12-24 12:34:13,243 Not Found: /favicon.ico
2019-12-24 12:36:39,955 Not Found: /img_avatar2.png
2019-12-24 12:38:05,473 Not Found: /img_avatar2.png
2019-12-24 12:39:26,863 Not Found: /img_avatar2.png
2019-12-24 12:53:12,702 Not Found: /img_avatar2.png
2019-12-24 12:53:13,103 Not Found: /img_avatar2.png
2019-12-24 12:53:38,576 Not Found: /img_avatar2.png
2019-12-24 12:56:08,333 Not Found: /img_avatar2.png
2019-12-24 12:57:06,476 Bad Request: /api/transcode/job_id/
2019-12-30 12:58:12,611 Not Found: /favicon.ico
2019-12-30 12:58:19,667 Not Found: /img_avatar2.png
2019-12-30 12:58:19,817 Not Found: /favicon.ico
2019-12-30 15:40:57,193 /home/nithin/projects/Contido_Transcode/Contido_Transcode/settings.py changed, reloading.
2019-12-31 11:14:02,703 /home/nithin/projects/Contido_Transcode/Contido_Transcode/models.py changed, reloading.
2019-12-31 11:16:36,862 /home/nithin/projects/Contido_Transcode/transcode/models.py changed, reloading.
2019-12-31 11:18:17,772 /home/nithin/projects/Contido_Transcode/transcode/models.py changed, reloading.
2019-12-31 11:19:45,247 /home/nithin/projects/Contido_Transcode/transcode/models.py changed, reloading.
2019-12-31 11:20:48,300 /home/nithin/projects/Contido_Transcode/transcode/models.py changed, reloading.
2019-12-31 11:22:00,532 /home/nithin/projects/Contido_Transcode/transcode/models.py changed, reloading.
2019-12-31 11:22:13,478 /home/nithin/projects/Contido_Transcode/transcode/models.py changed, reloading.
2019-12-31 11:22:40,327 /home/nithin/projects/Contido_Transcode/transcode/models.py changed, reloading.
2019-12-31 11:29:33,084 /home/nithin/projects/Contido_Transcode/transcode/models.py changed, reloading.
2019-12-31 11:30:49,332 /home/nithin/projects/Contido_Transcode/transcode/views.py changed, reloading.
2019-12-31 11:30:57,123 /home/nithin/projects/Contido_Transcode/transcode/views.py changed, reloading.
2019-12-31 11:32:16,409 /home/nithin/projects/Contido_Transcode/transcode/views.py changed, reloading.
2019-12-31 11:32:39,159 /home/nithin/projects/Contido_Transcode/transcode/views.py changed, reloading.
2019-12-31 11:32:59,848 /home/nithin/projects/Contido_Transcode/transcode/views.py changed, reloading.
2019-12-31 11:33:49,139 /home/nithin/projects/Contido_Transcode/transcode/views.py changed, reloading.
2019-12-31 11:33:52,634 /home/nithin/projects/Contido_Transcode/transcode/models.py changed, reloading.
2019-12-31 11:33:59,335 /home/nithin/projects/Contido_Transcode/transcode/models.py changed, reloading.
2019-12-31 11:34:16,948 job id: TRD2 updated
2019-12-31 11:34:17,079 Bad Request: /api/transcode/add/
2019-12-31 11:35:46,685 /home/nithin/projects/Contido_Transcode/transcode/views.py changed, reloading.
2019-12-31 11:36:07,553 job id: TRD2 updated
2019-12-31 11:36:07,582 Bad Request: /api/transcode/add/
2019-12-31 11:42:55,653 /home/nithin/projects/Contido_Transcode/transcode/views.py changed, reloading.
2019-12-31 11:42:59,017 /home/nithin/projects/Contido_Transcode/transcode/views.py changed, reloading.
2019-12-31 11:43:02,558 /home/nithin/projects/Contido_Transcode/transcode/models.py changed, reloading.
2019-12-31 11:43:04,917 /home/nithin/projects/Contido_Transcode/transcode/views.py changed, reloading.
2019-12-31 11:43:17,802 Bad Request: /api/transcode/add/
2019-12-31 11:43:56,531 /home/nithin/projects/Contido_Transcode/transcode/views.py changed, reloading.
2019-12-31 11:43:58,809 /home/nithin/projects/Contido_Transcode/transcode/views.py changed, reloading.
2019-12-31 11:44:04,162 job id: TRD2 updated
2019-12-31 11:44:04,168 Bad Request: /api/transcode/add/
2019-12-31 11:45:16,311 /home/nithin/projects/Contido_Transcode/transcode/models.py changed, reloading.
2019-12-31 11:45:18,572 /home/nithin/projects/Contido_Transcode/transcode/views.py changed, reloading.
2019-12-31 11:45:23,645 job id: TRD2 updated
2019-12-31 11:45:23,680 Bad Request: /api/transcode/add/
2019-12-31 11:45:51,394 job id: TRD2 updated
2019-12-31 11:45:51,397 Bad Request: /api/transcode/add/
2019-12-31 11:47:06,346 /home/nithin/projects/Contido_Transcode/transcode/views.py changed, reloading.
2019-12-31 11:47:09,697 /home/nithin/projects/Contido_Transcode/transcode/models.py changed, reloading.
2019-12-31 11:47:19,772 job id: TRD2 updated
2019-12-31 11:47:19,789 Bad Request: /api/transcode/add/
2019-12-31 11:48:43,573 /home/nithin/projects/Contido_Transcode/transcode/models.py changed, reloading.
2019-12-31 11:50:20,868 /home/nithin/projects/Contido_Transcode/transcode/views.py changed, reloading.
2019-12-31 11:50:40,383 /home/nithin/projects/Contido_Transcode/transcode/views.py changed, reloading.
2019-12-31 11:50:47,392 job id: TRD2 updated
2019-12-31 11:52:26,803 /home/nithin/projects/Contido_Transcode/transcode/views.py changed, reloading.
2019-12-31 11:53:46,550 /home/nithin/projects/Contido_Transcode/transcode/views.py changed, reloading.
2019-12-31 11:53:51,983 /home/nithin/projects/Contido_Transcode/transcode/views.py changed, reloading.
2019-12-31 11:55:50,339 job id: TRD3 updated
2019-12-31 11:57:54,355 /home/nithin/projects/Contido_Transcode/transcode/views.py changed, reloading.
2019-12-31 12:27:00,720 /home/nithin/projects/Contido_Transcode/transcode/models.py changed, reloading.
2019-12-31 12:35:04,897 /home/nithin/projects/Contido_Transcode/Contido_Transcode/settings.py changed, reloading.
2019-12-31 14:49:25,130 /home/nithin/projects/Contido_Transcode/transcode/views.py changed, reloading.
2020-01-02 11:44:50,163 /home/nithin/projects/Contido_Transcode/transcode/models.py changed, reloading.
2020-01-02 13:17:05,004 Internal Server Error: /api/transcode/add/
Traceback (most recent call last):
  File "/home/nithin/environments/mongoenginedemo/lib/python3.7/site-packages/django/core/handlers/exception.py", line 34, in inner
    response = get_response(request)
  File "/home/nithin/environments/mongoenginedemo/lib/python3.7/site-packages/django/core/handlers/base.py", line 115, in _get_response
    response = self.process_exception_by_middleware(e, request)
  File "/home/nithin/environments/mongoenginedemo/lib/python3.7/site-packages/django/core/handlers/base.py", line 113, in _get_response
    response = wrapped_callback(request, *callback_args, **callback_kwargs)
  File "/home/nithin/environments/mongoenginedemo/lib/python3.7/site-packages/django/views/decorators/csrf.py", line 54, in wrapped_view
    return view_func(*args, **kwargs)
  File "/home/nithin/environments/mongoenginedemo/lib/python3.7/site-packages/django/views/generic/base.py", line 71, in view
    return self.dispatch(request, *args, **kwargs)
  File "/home/nithin/environments/mongoenginedemo/lib/python3.7/site-packages/rest_framework/views.py", line 505, in dispatch
    response = self.handle_exception(exc)
  File "/home/nithin/environments/mongoenginedemo/lib/python3.7/site-packages/rest_framework/views.py", line 465, in handle_exception
    self.raise_uncaught_exception(exc)
  File "/home/nithin/environments/mongoenginedemo/lib/python3.7/site-packages/rest_framework/views.py", line 476, in raise_uncaught_exception
    raise exc
  File "/home/nithin/environments/mongoenginedemo/lib/python3.7/site-packages/rest_framework/views.py", line 502, in dispatch
    response = handler(request, *args, **kwargs)
  File "/home/nithin/environments/mongoenginedemo/lib/python3.7/site-packages/rest_framework/decorators.py", line 50, in handler
    return func(*args, **kwargs)
  File "/home/nithin/projects/Contido_Transcode/transcode/views.py", line 150, in transcode_data
    params= json.loads(request.body)
  File "/usr/lib64/python3.7/json/__init__.py", line 348, in loads
    return _default_decoder.decode(s)
  File "/usr/lib64/python3.7/json/decoder.py", line 337, in decode
    obj, end = self.raw_decode(s, idx=_w(s, 0).end())
  File "/usr/lib64/python3.7/json/decoder.py", line 355, in raw_decode
    raise JSONDecodeError("Expecting value", s, err.value) from None
json.decoder.JSONDecodeError: Expecting value: line 1 column 1 (char 0)
2020-01-02 13:17:38,142 Internal Server Error: /api/transcode/add/
Traceback (most recent call last):
  File "/home/nithin/environments/mongoenginedemo/lib/python3.7/site-packages/django/core/handlers/exception.py", line 34, in inner
    response = get_response(request)
  File "/home/nithin/environments/mongoenginedemo/lib/python3.7/site-packages/django/core/handlers/base.py", line 115, in _get_response
    response = self.process_exception_by_middleware(e, request)
  File "/home/nithin/environments/mongoenginedemo/lib/python3.7/site-packages/django/core/handlers/base.py", line 113, in _get_response
    response = wrapped_callback(request, *callback_args, **callback_kwargs)
  File "/home/nithin/environments/mongoenginedemo/lib/python3.7/site-packages/django/views/decorators/csrf.py", line 54, in wrapped_view
    return view_func(*args, **kwargs)
  File "/home/nithin/environments/mongoenginedemo/lib/python3.7/site-packages/django/views/generic/base.py", line 71, in view
    return self.dispatch(request, *args, **kwargs)
  File "/home/nithin/environments/mongoenginedemo/lib/python3.7/site-packages/rest_framework/views.py", line 505, in dispatch
    response = self.handle_exception(exc)
  File "/home/nithin/environments/mongoenginedemo/lib/python3.7/site-packages/rest_framework/views.py", line 465, in handle_exception
    self.raise_uncaught_exception(exc)
  File "/home/nithin/environments/mongoenginedemo/lib/python3.7/site-packages/rest_framework/views.py", line 476, in raise_uncaught_exception
    raise exc
  File "/home/nithin/environments/mongoenginedemo/lib/python3.7/site-packages/rest_framework/views.py", line 502, in dispatch
    response = handler(request, *args, **kwargs)
  File "/home/nithin/environments/mongoenginedemo/lib/python3.7/site-packages/rest_framework/decorators.py", line 50, in handler
    return func(*args, **kwargs)
  File "/home/nithin/projects/Contido_Transcode/transcode/views.py", line 150, in transcode_data
    params= json.loads(request.body)
  File "/usr/lib64/python3.7/json/__init__.py", line 348, in loads
    return _default_decoder.decode(s)
  File "/usr/lib64/python3.7/json/decoder.py", line 337, in decode
    obj, end = self.raw_decode(s, idx=_w(s, 0).end())
  File "/usr/lib64/python3.7/json/decoder.py", line 355, in raw_decode
    raise JSONDecodeError("Expecting value", s, err.value) from None
json.decoder.JSONDecodeError: Expecting value: line 1 column 1 (char 0)
2020-01-02 13:18:03,280 Internal Server Error: /api/transcode/add/
Traceback (most recent call last):
  File "/home/nithin/environments/mongoenginedemo/lib/python3.7/site-packages/django/core/handlers/exception.py", line 34, in inner
    response = get_response(request)
  File "/home/nithin/environments/mongoenginedemo/lib/python3.7/site-packages/django/core/handlers/base.py", line 115, in _get_response
    response = self.process_exception_by_middleware(e, request)
  File "/home/nithin/environments/mongoenginedemo/lib/python3.7/site-packages/django/core/handlers/base.py", line 113, in _get_response
    response = wrapped_callback(request, *callback_args, **callback_kwargs)
  File "/home/nithin/environments/mongoenginedemo/lib/python3.7/site-packages/django/views/decorators/csrf.py", line 54, in wrapped_view
    return view_func(*args, **kwargs)
  File "/home/nithin/environments/mongoenginedemo/lib/python3.7/site-packages/django/views/generic/base.py", line 71, in view
    return self.dispatch(request, *args, **kwargs)
  File "/home/nithin/environments/mongoenginedemo/lib/python3.7/site-packages/rest_framework/views.py", line 505, in dispatch
    response = self.handle_exception(exc)
  File "/home/nithin/environments/mongoenginedemo/lib/python3.7/site-packages/rest_framework/views.py", line 465, in handle_exception
    self.raise_uncaught_exception(exc)
  File "/home/nithin/environments/mongoenginedemo/lib/python3.7/site-packages/rest_framework/views.py", line 476, in raise_uncaught_exception
    raise exc
  File "/home/nithin/environments/mongoenginedemo/lib/python3.7/site-packages/rest_framework/views.py", line 502, in dispatch
    response = handler(request, *args, **kwargs)
  File "/home/nithin/environments/mongoenginedemo/lib/python3.7/site-packages/rest_framework/decorators.py", line 50, in handler
    return func(*args, **kwargs)
  File "/home/nithin/projects/Contido_Transcode/transcode/views.py", line 150, in transcode_data
    params= json.loads(request.body)
  File "/usr/lib64/python3.7/json/__init__.py", line 348, in loads
    return _default_decoder.decode(s)
  File "/usr/lib64/python3.7/json/decoder.py", line 337, in decode
    obj, end = self.raw_decode(s, idx=_w(s, 0).end())
  File "/usr/lib64/python3.7/json/decoder.py", line 355, in raw_decode
    raise JSONDecodeError("Expecting value", s, err.value) from None
json.decoder.JSONDecodeError: Expecting value: line 1 column 1 (char 0)
2020-01-02 13:22:58,771 job id: TRD4 updated
2020-01-02 13:24:04,484 Method Not Allowed: /api/transcode/add/
2020-01-02 13:24:05,130 Not Found: /favicon.ico
2020-01-02 13:25:05,468 job id: TRD5 updated
2020-01-02 13:25:48,642 job id: TRD6 updated
2020-01-02 13:28:46,065 job id: TRD7 updated
2020-01-02 13:36:49,054 job id: TRD8 updated
2020-01-02 13:40:14,508 job id: TRD9 updated
2020-01-02 13:40:16,167 job id: TRD10 updated
2020-01-02 13:40:21,165 job id: TRD11 updated
2020-01-02 13:40:22,001 job id: TRD12 updated
2020-01-02 13:40:22,503 job id: TRD13 updated
2020-01-02 13:40:23,018 job id: TRD14 updated
2020-01-02 13:40:23,634 job id: TRD15 updated
2020-01-02 13:47:48,500 job id: TRD16 updated
2020-01-02 13:47:48,503 Bad Request: /api/transcode/add/
2020-01-02 13:48:12,639 job id: TRD16 updated
2020-01-02 13:48:12,641 Bad Request: /api/transcode/add/
2020-01-02 13:52:31,716 job id: TRD1 updated
2020-01-02 13:52:31,721 Bad Request: /api/transcode/add/
2020-01-02 13:55:08,844 Not Found: /api/transcode/
2020-01-02 13:55:46,393 Not Found: /api/transcode/home
2020-01-02 13:56:12,069 Not Found: /api/transcode/job_id/TRD7
2020-01-02 13:57:03,334 Not Found: /img_avatar2.png
2020-01-02 13:58:00,968 Not Found: /img_avatar2.png
2020-01-02 13:58:11,135 Not Found: /api
2020-01-02 14:00:15,054 Method Not Allowed: /api/transcode/add/
2020-01-02 14:00:24,396 Not Found: /api
2020-01-02 14:00:32,405 Method Not Allowed: /api/transcode/add/
2020-01-02 14:01:43,532 Not Found: /img_avatar2.png
2020-01-02 14:01:44,080 Not Found: /favicon.ico
2020-01-02 14:45:54,333 /home/nithin/projects/Contido_Transcode/transcode/views.py changed, reloading.
2020-01-02 14:48:03,462 /home/nithin/projects/Contido_Transcode/transcode/views.py changed, reloading.
2020-01-02 14:52:34,605 Bad Request: /api/transcode/add/
2020-01-02 14:55:35,739 /home/nithin/projects/Contido_Transcode/transcode/views.py changed, reloading.
2020-01-02 15:04:41,193 job id: TRD1 updated
2020-01-02 15:04:41,262 Bad Request: /api/transcode/add/
2020-01-02 15:07:24,399 /home/nithin/projects/Contido_Transcode/transcode/views.py changed, reloading.
2020-01-02 15:07:31,342 /home/nithin/projects/Contido_Transcode/transcode/views.py changed, reloading.
2020-01-02 15:08:00,277 job id: TRD1 updated
2020-01-02 15:08:00,288 Bad Request: /api/transcode/add/
2020-01-02 15:08:02,316 job id: TRD1 updated
2020-01-02 15:08:02,318 Bad Request: /api/transcode/add/
2020-01-02 15:12:06,435 /home/nithin/projects/Contido_Transcode/transcode/views.py changed, reloading.
2020-01-02 15:13:51,383 /home/nithin/projects/Contido_Transcode/transcode/views.py changed, reloading.
2020-01-02 15:16:37,737 /home/nithin/projects/Contido_Transcode/transcode/models.py changed, reloading.
2020-01-02 15:17:24,727 job id: TRD1 updated
2020-01-02 15:17:24,987 Bad Request: /api/transcode/add/
2020-01-02 15:19:00,773 /home/nithin/projects/Contido_Transcode/transcode/views.py changed, reloading.
2020-01-02 15:41:03,541 /home/nithin/projects/Contido_Transcode/transcode/views.py changed, reloading.
2020-01-02 15:42:10,863 job id: TRD1 updated
2020-01-02 15:42:11,829 Bad Request: /api/transcode/add/
2020-01-02 15:44:19,427 /home/nithin/projects/Contido_Transcode/transcode/views.py changed, reloading.
2020-01-02 15:44:41,675 /home/nithin/projects/Contido_Transcode/transcode/views.py changed, reloading.
2020-01-02 15:45:04,232 /home/nithin/projects/Contido_Transcode/transcode/views.py changed, reloading.
2020-01-02 15:45:36,093 job id: TRD1 updated
2020-01-02 15:45:37,402 Bad Request: /api/transcode/add/
2020-01-02 15:48:02,558 /home/nithin/projects/Contido_Transcode/transcode/models.py changed, reloading.
2020-01-02 15:48:27,558 /home/nithin/projects/Contido_Transcode/transcode/models.py changed, reloading.
2020-01-02 15:48:29,962 /home/nithin/projects/Contido_Transcode/transcode/models.py changed, reloading.
2020-01-02 15:49:07,383 /home/nithin/projects/Contido_Transcode/transcode/models.py changed, reloading.
2020-01-02 15:49:10,399 /home/nithin/projects/Contido_Transcode/transcode/views.py changed, reloading.
2020-01-02 15:49:20,831 job id: TRD1 updated
2020-01-02 15:52:25,253 /home/nithin/projects/Contido_Transcode/transcode/models.py changed, reloading.
2020-01-02 15:52:50,658 /home/nithin/projects/Contido_Transcode/transcode/views.py changed, reloading.
2020-01-02 15:53:34,704 /home/nithin/projects/Contido_Transcode/transcode/models.py changed, reloading.
2020-01-02 15:53:56,104 /home/nithin/projects/Contido_Transcode/transcode/models.py changed, reloading.
2020-01-02 15:53:59,550 /home/nithin/projects/Contido_Transcode/transcode/views.py changed, reloading.
2020-01-02 15:54:12,192 job id: TRD2 updated
2020-01-02 15:55:20,550 job id: TRD3 updated
2020-01-02 15:55:23,713 job id: TRD4 updated
2020-01-02 16:07:00,439 job id: TRD5 updated
2020-01-02 17:00:37,519 Bad Request: /api/transcode/job_id/
2020-01-02 17:00:49,124 Bad Request: /api/transcode/job_id/
2020-01-02 17:01:15,412 Bad Request: /api/transcode/job_id/
2020-01-02 17:01:46,998 Bad Request: /api/transcode/job_id/
2020-01-02 17:07:51,320 /home/nithin/projects/Contido_Transcode/transcode/views.py changed, reloading.
2020-01-02 17:08:19,506 Bad Request: /api/transcode/job_id/
2020-01-02 17:09:30,450 /home/nithin/projects/Contido_Transcode/transcode/views.py changed, reloading.
2020-01-02 18:49:42,796 /home/nithin/projects/Contido_Transcode/transcode/views.py changed, reloading.
2020-01-02 18:49:45,364 /home/nithin/projects/Contido_Transcode/transcode/urls.py changed, reloading.
2020-01-02 18:50:00,701 /home/nithin/projects/Contido_Transcode/transcode/models.py changed, reloading.
2020-01-03 15:42:04,016 /home/nithin/projects/Contido_Transcode/transcode/models.py changed, reloading.
2020-01-03 15:42:21,734 /home/nithin/projects/Contido_Transcode/transcode/models.py changed, reloading.
